Unity Editor version:    2020.3.25f1 (9b9180224418)
Branch:                  2020.3/staging
Build type:              Release
Batch mode:              YES
macOS version:           Version 12.5 (Build 21G72)
Darwin version:          21.6.0
Architecture:            x86_64
Running under Rosetta:   NO
Available memory:        8192 MB
Using pre-set license
Pro License: NO

COMMAND LINE ARGUMENTS:
/Applications/Unity/Hub/Editor/2020.3.25f1/Unity.app/Contents/MacOS/Unity
-adb2
-batchMode
-noUpm
-name
AssetImportWorker0
-projectPath
/Users/marcelorodrigues/Documents/work/Curso_Unity/Shmup
-logFile
Logs/AssetImportWorker0.log
-srvPort
51554
Successfully changed project path to: /Users/marcelorodrigues/Documents/work/Curso_Unity/Shmup
/Users/marcelorodrigues/Documents/work/Curso_Unity/Shmup
Using Asset Import Pipeline V2.
Refreshing native plugins compatible for Editor in 116.43 ms, found 3 plugins.
Preloading 0 native plugins for Editor in 0.00 ms.
Initialize engine version: 2020.3.25f1 (9b9180224418)
[Subsystems] Discovering subsystems at path /Applications/Unity/Hub/Editor/2020.3.25f1/Unity.app/Contents/Resources/UnitySubsystems
[Subsystems] Discovering subsystems at path /Users/marcelorodrigues/Documents/work/Curso_Unity/Shmup/Assets
GfxDevice: creating device client; threaded=0
2022-08-26 15:24:40.890 Unity[13780:7346924] Color LCD preferred device: Intel(R) Iris(TM) Graphics 6000 (low power)
2022-08-26 15:24:40.891 Unity[13780:7346924] Metal devices available: 1
2022-08-26 15:24:40.891 Unity[13780:7346924] 0: Intel(R) Iris(TM) Graphics 6000 (low power)
2022-08-26 15:24:40.891 Unity[13780:7346924] Using device Intel(R) Iris(TM) Graphics 6000 (low power)
Initializing Metal device caps: Intel(R) Iris(TM) Graphics 6000
Initialize mono
Mono path[0] = '/Applications/Unity/Hub/Editor/2020.3.25f1/Unity.app/Contents/Managed'
Mono path[1] = '/Applications/Unity/Hub/Editor/2020.3.25f1/Unity.app/Contents/MonoBleedingEdge/lib/mono/unityjit'
Mono config path = '/Applications/Unity/Hub/Editor/2020.3.25f1/Unity.app/Contents/MonoBleedingEdge/etc'
Using monoOptions --debugger-agent=transport=dt_socket,embedding=1,server=y,suspend=n,address=127.0.0.1:56780
Begin MonoManager ReloadAssembly
Registering precompiled unity dll's ...
Register platform support module: /Applications/Unity/Hub/Editor/2020.3.25f1/PlaybackEngines/WebGLSupport/UnityEditor.WebGL.Extensions.dll
Register platform support module: /Applications/Unity/Hub/Editor/2020.3.25f1/Unity.app/Contents/PlaybackEngines/MacStandaloneSupport/UnityEditor.OSXStandalone.Extensions.dll
Register platform support module: /Applications/Unity/Hub/Editor/2020.3.25f1/PlaybackEngines/WindowsStandaloneSupport/UnityEditor.WindowsStandalone.Extensions.dll
Register platform support module: /Applications/Unity/Hub/Editor/2020.3.25f1/PlaybackEngines/LinuxStandaloneSupport/UnityEditor.LinuxStandalone.Extensions.dll
Registered in 0.009072 seconds.
Native extension for LinuxStandalone target not found
Native extension for WindowsStandalone target not found
Native extension for OSXStandalone target not found
Native extension for WebGL target not found
Refreshing native plugins compatible for Editor in 115.95 ms, found 3 plugins.
Preloading 0 native plugins for Editor in 0.00 ms.
Mono: successfully reloaded assembly
- Completed reload, in  1.269 seconds
Domain Reload Profiling:
	ReloadAssembly (1269ms)
		BeginReloadAssembly (69ms)
			ExecutionOrderSort (0ms)
			DisableScriptedObjects (0ms)
			BackupInstance (0ms)
			ReleaseScriptingObjects (0ms)
			CreateAndSetChildDomain (1ms)
		EndReloadAssembly (1043ms)
			LoadAssemblies (81ms)
			RebuildTransferFunctionScriptingTraits (0ms)
			SetupTypeCache (385ms)
			ReleaseScriptCaches (0ms)
			RebuildScriptCaches (79ms)
			SetupLoadedEditorAssemblies (405ms)
				LogAssemblyErrors (0ms)
				InitializePlatformSupportModulesInManaged (10ms)
				SetLoadedEditorAssemblies (0ms)
				RefreshPlugins (116ms)
				BeforeProcessingInitializeOnLoad (43ms)
				ProcessInitializeOnLoadAttributes (182ms)
				ProcessInitializeOnLoadMethodAttributes (53ms)
				AfterProcessingInitializeOnLoad (0ms)
				EditorAssembliesLoaded (0ms)
			ExecutionOrderSort2 (0ms)
			AwakeInstancesAfterBackupRestoration (0ms)
Platform modules already initialized, skipping
Registering precompiled user dll's ...
Registered in 0.011667 seconds.
Begin MonoManager ReloadAssembly
Native extension for LinuxStandalone target not found
Native extension for WindowsStandalone target not found
Native extension for OSXStandalone target not found
Native extension for WebGL target not found
Refreshing native plugins compatible for Editor in 80.12 ms, found 3 plugins.
Preloading 0 native plugins for Editor in 0.00 ms.
Mono: successfully reloaded assembly
- Completed reload, in  2.325 seconds
Domain Reload Profiling:
	ReloadAssembly (2328ms)
		BeginReloadAssembly (333ms)
			ExecutionOrderSort (0ms)
			DisableScriptedObjects (8ms)
			BackupInstance (0ms)
			ReleaseScriptingObjects (0ms)
			CreateAndSetChildDomain (67ms)
		EndReloadAssembly (1883ms)
			LoadAssemblies (259ms)
			RebuildTransferFunctionScriptingTraits (0ms)
			SetupTypeCache (616ms)
			ReleaseScriptCaches (1ms)
			RebuildScriptCaches (116ms)
			SetupLoadedEditorAssemblies (661ms)
				LogAssemblyErrors (0ms)
				InitializePlatformSupportModulesInManaged (9ms)
				SetLoadedEditorAssemblies (0ms)
				RefreshPlugins (80ms)
				BeforeProcessingInitializeOnLoad (130ms)
				ProcessInitializeOnLoadAttributes (406ms)
				ProcessInitializeOnLoadMethodAttributes (34ms)
				AfterProcessingInitializeOnLoad (1ms)
				EditorAssembliesLoaded (0ms)
			ExecutionOrderSort2 (0ms)
			AwakeInstancesAfterBackupRestoration (11ms)
Platform modules already initialized, skipping
Validating Project structure ... 0.007541 seconds.
Shader import version has changed; will reimport all shaders...
Upgrading shader files ...0.012034 seconds.
Application.AssetDatabase Initial Script Refresh Start
RefreshInfo: InitialScriptRefreshV2(NoUpdateAssetOptions) scanfilter:  ... 1 filters
RefreshProfiler: Total: 0.000ms
Application.AssetDatabase Initial Script Refresh End
Application.AssetDatabase.Refresh Start
Application.AssetDatabase.Refresh End
RefreshInfo: StopAssetImportingV2(ForceSynchronousImport) scanfilter: 
RefreshProfiler: Total: 0.000ms
Launching external process: /Applications/Unity/Hub/Editor/2020.3.25f1/Unity.app/Contents/Tools/UnityShaderCompiler
Launched and connected shader compiler UnityShaderCompiler after 0.02 seconds
Initializing Unity extensions:
2022-08-26 15:24:49.770 Unity[13780:7346924] NSEventModifierFlagFunction specified to -setKeyEquivalentModifierMask: for item <NSMenuItem: 0x60000239c3f0 Font Asset, ke='Command-F12'>, but is only supported for system-provided menu items; will not be used
2022-08-26 15:24:49.780 Unity[13780:7346924] NSEventModifierFlagFunction specified to -setKeyEquivalentModifierMask: for item <NSMenuItem: 0x60000239b9c0 Font Asset, ke='Command-F12'>, but is only supported for system-provided menu items; will not be used
========================================================================
Worker process is ready to serve import requests
Refreshing native plugins compatible for Editor in 1.08 ms, found 3 plugins.
Preloading 0 native plugins for Editor in 0.00 ms.
Unloading 2220 Unused Serialized files (Serialized files now loaded: 0)
System memory in use before: 198.4 MB.
System memory in use after: 197.6 MB.

Unloading 121 unused Assets to reduce memory usage. Loaded Objects now: 2702.
Total: 9.499519 ms (FindLiveObjects: 0.475061 ms CreateObjectMapping: 0.233621 ms MarkObjects: 7.895542 ms  DeleteObjects: 0.893498 ms)

AssetImportParameters requested are different than current active one (requested -> active):
  custom:video-decoder-ogg-theora: a1e56fd34408186e4bbccfd4996cb3dc -> 
  custom:container-muxer-webm: aa71ff27fc2769a1b78a27578f13a17b -> 
  custom:container-demuxer-webm: 4f35f7cbe854078d1ac9338744f61a02 -> 
  custom:container-demuxer-ogg: 62fdf1f143b41e24485cea50d1cbac27 -> 
  custom:video-encoder-webm-vp8: eb34c28f22e8b96e1ab97ce403110664 -> 
  custom:framework-osx-AVFoundation: e770b220cccbd017edd2c1fefb359320 -> 
  custom:video-decoder-webm-vp8: 9c59270c3fd7afecdb556c50c9e8de78 -> 
  custom:audio-decoder-ogg-vorbis: bf7c407c2cedff20999df2af8eb42d56 -> 
  custom:audio-encoder-webm-vorbis: bf7c407c2cedff20999df2af8eb42d56 -> 
========================================================================
Received Import Request.
  path: Assets/Textures/Galaxia Sprite Pack #1/Player/idle_player_upgrade1.png
  artifactKey: Guid(cab67442bb6328543af3dd33c6fa8780) Importer(815301076,1909f56bfc062723c751e8b465ee728b)
Start importing Assets/Textures/Galaxia Sprite Pack #1/Player/idle_player_upgrade1.png using Guid(cab67442bb6328543af3dd33c6fa8780) Importer(815301076,1909f56bfc062723c751e8b465ee728b)  -> (artifact id: 'e72d16e8ab9b3d92ec0b180767236409') in 1.537015 seconds 
  Import took 1.548218 seconds .

========================================================================
Received Import Request.
  Time since last request: 0.000490 seconds.
  path: Assets/Textures/Galaxia Sprite Pack #1/Enemy/idle_drone_blue.png
  artifactKey: Guid(125d5be502cbe3a418c97ea911b93155) Importer(815301076,1909f56bfc062723c751e8b465ee728b)
Start importing Assets/Textures/Galaxia Sprite Pack #1/Enemy/idle_drone_blue.png using Guid(125d5be502cbe3a418c97ea911b93155) Importer(815301076,1909f56bfc062723c751e8b465ee728b)  -> (artifact id: '48afd773c508c36b72f9370fa81da409') in 0.031113 seconds 
  Import took 0.044876 seconds .

========================================================================
Received Import Request.
  Time since last request: 0.016919 seconds.
  path: Assets/Textures/DinV/Dynamic Space Background/Sprites/Materials/Nebula Red.mat
  artifactKey: Guid(72f5c256dce9644d7a44d45152c92764) Importer(815301076,1909f56bfc062723c751e8b465ee728b)
Start importing Assets/Textures/DinV/Dynamic Space Background/Sprites/Materials/Nebula Red.mat using Guid(72f5c256dce9644d7a44d45152c92764) Importer(815301076,1909f56bfc062723c751e8b465ee728b)  -> (artifact id: '459ddadd8342103477be7216386003d9') in 0.453638 seconds 
  Import took 0.474421 seconds .

========================================================================
Received Import Request.
  Time since last request: 0.000387 seconds.
  path: Assets/Textures/DinV/Dynamic Space Background/Sprites/Nebula Blue.png
  artifactKey: Guid(ddcac1fac1f5c8943a30c2ef6b724062) Importer(815301076,1909f56bfc062723c751e8b465ee728b)
Start importing Assets/Textures/DinV/Dynamic Space Background/Sprites/Nebula Blue.png using Guid(ddcac1fac1f5c8943a30c2ef6b724062) Importer(815301076,1909f56bfc062723c751e8b465ee728b)  -> (artifact id: '70fb7f2b8d3716cd399a0aedf8dca2a0') in 0.100059 seconds 
  Import took 0.109013 seconds .

========================================================================
Received Import Request.
  Time since last request: 0.000372 seconds.
  path: Assets/Textures/DinV/Dynamic Space Background/Sprites/Stars-Big_1.png
  artifactKey: Guid(c6944f9f15bd0ca4087bcdf033f0e162) Importer(815301076,1909f56bfc062723c751e8b465ee728b)
Start importing Assets/Textures/DinV/Dynamic Space Background/Sprites/Stars-Big_1.png using Guid(c6944f9f15bd0ca4087bcdf033f0e162) Importer(815301076,1909f56bfc062723c751e8b465ee728b)  -> (artifact id: 'e68cc8ac0d177dc737a5362ed2fad1fb') in 0.041745 seconds 
  Import took 0.051600 seconds .

========================================================================
Received Import Request.
  Time since last request: 0.001502 seconds.
  path: Assets/Textures/Galaxia Sprite Pack #1/Effects/BulletBombSpriteSheetYellow.png
  artifactKey: Guid(caa07a017431edc43866c47b6f37a5bf) Importer(815301076,1909f56bfc062723c751e8b465ee728b)
Start importing Assets/Textures/Galaxia Sprite Pack #1/Effects/BulletBombSpriteSheetYellow.png using Guid(caa07a017431edc43866c47b6f37a5bf) Importer(815301076,1909f56bfc062723c751e8b465ee728b)  -> (artifact id: '1c76a6c91b238fd8b54cd04574a5a316') in 0.054721 seconds 
  Import took 0.064469 seconds .

========================================================================
Received Import Request.
  Time since last request: 0.000464 seconds.
  path: Assets/Textures/Galaxia Sprite Pack #1/Enemy/idle_orb_blue.png
  artifactKey: Guid(36da0b7bdceee7a48851d5dd2aefe98f) Importer(815301076,1909f56bfc062723c751e8b465ee728b)
Start importing Assets/Textures/Galaxia Sprite Pack #1/Enemy/idle_orb_blue.png using Guid(36da0b7bdceee7a48851d5dd2aefe98f) Importer(815301076,1909f56bfc062723c751e8b465ee728b)  -> (artifact id: 'e07f956f183872b79a55357d3fb8672d') in 0.050534 seconds 
  Import took 0.063273 seconds .

========================================================================
Received Import Request.
  Time since last request: 0.005373 seconds.
  path: Assets/Textures/Galaxia Sprite Pack #1/Player/idle_player_basic.png
  artifactKey: Guid(7b52acf0fd6dff8419cf32e5c13881f0) Importer(815301076,1909f56bfc062723c751e8b465ee728b)
Start importing Assets/Textures/Galaxia Sprite Pack #1/Player/idle_player_basic.png using Guid(7b52acf0fd6dff8419cf32e5c13881f0) Importer(815301076,1909f56bfc062723c751e8b465ee728b)  -> (artifact id: '999510e0998aad20fceb7271b65acde8') in 0.031320 seconds 
  Import took 0.041708 seconds .

========================================================================
Received Import Request.
  Time since last request: 0.001528 seconds.
  path: Assets/Textures/Galaxia Sprite Pack #1/Effects/BulletsSpriteSheetGreen.png
  artifactKey: Guid(34117c1e0c2d27d43973517e619028e5) Importer(815301076,1909f56bfc062723c751e8b465ee728b)
Start importing Assets/Textures/Galaxia Sprite Pack #1/Effects/BulletsSpriteSheetGreen.png using Guid(34117c1e0c2d27d43973517e619028e5) Importer(815301076,1909f56bfc062723c751e8b465ee728b)  -> (artifact id: '82faf8a92a9c7b57edfaff1f15b9a122') in 0.098601 seconds 
  Import took 0.132629 seconds .

========================================================================
Received Import Request.
  Time since last request: 0.001261 seconds.
  path: Assets/Textures/Galaxia Sprite Pack #1/Effects/BulletsSpriteSheetPurple.png
  artifactKey: Guid(63497777be1c2a3468333a9fd29c6036) Importer(815301076,1909f56bfc062723c751e8b465ee728b)
Start importing Assets/Textures/Galaxia Sprite Pack #1/Effects/BulletsSpriteSheetPurple.png using Guid(63497777be1c2a3468333a9fd29c6036) Importer(815301076,1909f56bfc062723c751e8b465ee728b)  -> (artifact id: '593018858f2039f270db51e9c157f127') in 0.049074 seconds 
  Import took 0.061140 seconds .

========================================================================
Received Import Request.
  Time since last request: 0.000495 seconds.
  path: Assets/Textures/Galaxia Sprite Pack #1/Effects/BulletBombSpriteSheetGreen.png
  artifactKey: Guid(c4b06c20a938a6e46949e8faac79b20e) Importer(815301076,1909f56bfc062723c751e8b465ee728b)
Start importing Assets/Textures/Galaxia Sprite Pack #1/Effects/BulletBombSpriteSheetGreen.png using Guid(c4b06c20a938a6e46949e8faac79b20e) Importer(815301076,1909f56bfc062723c751e8b465ee728b)  -> (artifact id: '250e50de3798696ecf719bb371ef57ca') in 0.073635 seconds 
  Import took 0.079650 seconds .

========================================================================
Received Import Request.
  Time since last request: 0.000560 seconds.
  path: Assets/Textures/Galaxia Sprite Pack #1/Enemy/idle_drone_purple.png
  artifactKey: Guid(278b61a9028b9194ba3d4eeadb00f4fb) Importer(815301076,1909f56bfc062723c751e8b465ee728b)
Start importing Assets/Textures/Galaxia Sprite Pack #1/Enemy/idle_drone_purple.png using Guid(278b61a9028b9194ba3d4eeadb00f4fb) Importer(815301076,1909f56bfc062723c751e8b465ee728b)  -> (artifact id: '308da0be02c1efb4e4b4b39c25c9fcc8') in 0.040798 seconds 
  Import took 0.050166 seconds .

========================================================================
Received Import Request.
  Time since last request: 0.003150 seconds.
  path: Assets/Textures/Galaxia Sprite Pack #1/Effects/BulletsSpriteSheetRed.png
  artifactKey: Guid(d3abe5c405d8ae041a1c151d9ba3c2c3) Importer(815301076,1909f56bfc062723c751e8b465ee728b)
Start importing Assets/Textures/Galaxia Sprite Pack #1/Effects/BulletsSpriteSheetRed.png using Guid(d3abe5c405d8ae041a1c151d9ba3c2c3) Importer(815301076,1909f56bfc062723c751e8b465ee728b)  -> (artifact id: 'fb7899026be4a485612c614e3bf333f3') in 0.031239 seconds 
  Import took 0.038523 seconds .

========================================================================
Received Import Request.
  Time since last request: 0.000415 seconds.
  path: Assets/Textures/Galaxia Sprite Pack #1/Effects/BulletBombSpriteSheetBlue.png
  artifactKey: Guid(fb49bbb3e2b49674f98799696c31c86c) Importer(815301076,1909f56bfc062723c751e8b465ee728b)
Start importing Assets/Textures/Galaxia Sprite Pack #1/Effects/BulletBombSpriteSheetBlue.png using Guid(fb49bbb3e2b49674f98799696c31c86c) Importer(815301076,1909f56bfc062723c751e8b465ee728b)  -> (artifact id: '850b6ed3aab8758f4c2a624df91afc0e') in 0.038286 seconds 
  Import took 0.054653 seconds .

========================================================================
Received Import Request.
  Time since last request: 0.000613 seconds.
  path: Assets/Textures/Galaxia Sprite Pack #1/Effects/BulletBombSpriteSheetRed.png
  artifactKey: Guid(4b3cde31bdef54c458f0b04071d88cc5) Importer(815301076,1909f56bfc062723c751e8b465ee728b)
Start importing Assets/Textures/Galaxia Sprite Pack #1/Effects/BulletBombSpriteSheetRed.png using Guid(4b3cde31bdef54c458f0b04071d88cc5) Importer(815301076,1909f56bfc062723c751e8b465ee728b)  -> (artifact id: 'b1434d4919ed89b63854712c694b76c1') in 0.037379 seconds 
  Import took 0.051208 seconds .

========================================================================
Received Import Request.
  Time since last request: 0.001078 seconds.
  path: Assets/Textures/Galaxia Sprite Pack #1/Effects/LaserSpriteSheetBlue.png
  artifactKey: Guid(d985ee05041c4304f83ce9b1e1c6f885) Importer(815301076,1909f56bfc062723c751e8b465ee728b)
Start importing Assets/Textures/Galaxia Sprite Pack #1/Effects/LaserSpriteSheetBlue.png using Guid(d985ee05041c4304f83ce9b1e1c6f885) Importer(815301076,1909f56bfc062723c751e8b465ee728b)  -> (artifact id: '28fbf924c7dc90fed9e354f2d0d98ec8') in 0.099016 seconds 
  Import took 0.108914 seconds .

========================================================================
Received Import Request.
  Time since last request: 0.000825 seconds.
  path: Assets/Textures/Galaxia Sprite Pack #1/Effects/BulletsSpriteSheetYellow.png
  artifactKey: Guid(c05e8171e1e97804ea3c456f394ba25a) Importer(815301076,1909f56bfc062723c751e8b465ee728b)
Start importing Assets/Textures/Galaxia Sprite Pack #1/Effects/BulletsSpriteSheetYellow.png using Guid(c05e8171e1e97804ea3c456f394ba25a) Importer(815301076,1909f56bfc062723c751e8b465ee728b)  -> (artifact id: 'bf43465be63d46041c86917aaa0b1c77') in 0.075943 seconds 
  Import took 0.090426 seconds .

========================================================================
Received Import Request.
  Time since last request: 0.000425 seconds.
  path: Assets/Textures/Galaxia Sprite Pack #1/Enemy/idle_bomber_green.png
  artifactKey: Guid(56333afa39cd62b4298f591910f04bc5) Importer(815301076,1909f56bfc062723c751e8b465ee728b)
Start importing Assets/Textures/Galaxia Sprite Pack #1/Enemy/idle_bomber_green.png using Guid(56333afa39cd62b4298f591910f04bc5) Importer(815301076,1909f56bfc062723c751e8b465ee728b)  -> (artifact id: 'f1fd21e0604141f83c9fa243ee884880') in 0.035415 seconds 
  Import took 0.041627 seconds .

========================================================================
Received Import Request.
  Time since last request: 0.000460 seconds.
  path: Assets/Textures/Galaxia Sprite Pack #1/Enemy/idle_heavy_yellow.png
  artifactKey: Guid(ec56ac9d9347f984dad9bde8e4f3ae4a) Importer(815301076,1909f56bfc062723c751e8b465ee728b)
Start importing Assets/Textures/Galaxia Sprite Pack #1/Enemy/idle_heavy_yellow.png using Guid(ec56ac9d9347f984dad9bde8e4f3ae4a) Importer(815301076,1909f56bfc062723c751e8b465ee728b)  -> (artifact id: 'e43f20a1de8210c6f5c07437fd1d5e1c') in 0.027348 seconds 
  Import took 0.038795 seconds .

========================================================================
Received Import Request.
  Time since last request: 0.001112 seconds.
  path: Assets/Textures/Galaxia Sprite Pack #1/Enemy/idle_bomber_red.png
  artifactKey: Guid(2891d59158f4f7e4c8d006fbc2e55cc9) Importer(815301076,1909f56bfc062723c751e8b465ee728b)
Start importing Assets/Textures/Galaxia Sprite Pack #1/Enemy/idle_bomber_red.png using Guid(2891d59158f4f7e4c8d006fbc2e55cc9) Importer(815301076,1909f56bfc062723c751e8b465ee728b)  -> (artifact id: 'd829de36837fbf182c136d470ccd4732') in 0.055552 seconds 
  Import took 0.070114 seconds .

========================================================================
Received Import Request.
  Time since last request: 0.002462 seconds.
  path: Assets/Textures/DinV/Dynamic Space Background/Sprites/Nebula Red.png
  artifactKey: Guid(35313af049b4a2f42a0325330c51d74a) Importer(815301076,1909f56bfc062723c751e8b465ee728b)
Start importing Assets/Textures/DinV/Dynamic Space Background/Sprites/Nebula Red.png using Guid(35313af049b4a2f42a0325330c51d74a) Importer(815301076,1909f56bfc062723c751e8b465ee728b)  -> (artifact id: '1bcc4219bcf8660a8d6eaef8ee1b9f71') in 0.080719 seconds 
  Import took 0.091863 seconds .

========================================================================
Received Import Request.
  Time since last request: 0.000390 seconds.
  path: Assets/Textures/Galaxia Sprite Pack #1/Enemy/idle_scout_red.png
  artifactKey: Guid(f680e5047c3880e4285d455c7e341a44) Importer(815301076,1909f56bfc062723c751e8b465ee728b)
Start importing Assets/Textures/Galaxia Sprite Pack #1/Enemy/idle_scout_red.png using Guid(f680e5047c3880e4285d455c7e341a44) Importer(815301076,1909f56bfc062723c751e8b465ee728b)  -> (artifact id: '3e31559abe6de9b04192e21133d203de') in 0.040179 seconds 
  Import took 0.054698 seconds .

========================================================================
Received Import Request.
  Time since last request: 0.019246 seconds.
  path: Assets/Textures/DinV/Dynamic Space Background/Sprites/Stars Small_1.png
  artifactKey: Guid(efe6ce32a6a4408489775c70e5d32f11) Importer(815301076,1909f56bfc062723c751e8b465ee728b)
Start importing Assets/Textures/DinV/Dynamic Space Background/Sprites/Stars Small_1.png using Guid(efe6ce32a6a4408489775c70e5d32f11) Importer(815301076,1909f56bfc062723c751e8b465ee728b)  -> (artifact id: 'f14abb3a0528b22c00538615b98bfe7a') in 0.120753 seconds 
  Import took 0.139291 seconds .

========================================================================
Received Import Request.
  Time since last request: 0.000433 seconds.
  path: Assets/Textures/Galaxia Sprite Pack #1/Effects/BulletsSpriteSheetBlue.png
  artifactKey: Guid(a9450bfa7931d2a4399a9c70edcaa576) Importer(815301076,1909f56bfc062723c751e8b465ee728b)
Start importing Assets/Textures/Galaxia Sprite Pack #1/Effects/BulletsSpriteSheetBlue.png using Guid(a9450bfa7931d2a4399a9c70edcaa576) Importer(815301076,1909f56bfc062723c751e8b465ee728b)  -> (artifact id: '563200c41a3dfaba05c12973d9dd661f') in 0.071463 seconds 
  Import took 0.082474 seconds .

========================================================================
Received Import Request.
  Time since last request: 0.000907 seconds.
  path: Assets/Textures/DinV/Dynamic Space Background/Sprites/Materials/Nebula Blue.mat
  artifactKey: Guid(bd5cb33bf3dc8409197dcdb1a9d4e794) Importer(815301076,1909f56bfc062723c751e8b465ee728b)
Start importing Assets/Textures/DinV/Dynamic Space Background/Sprites/Materials/Nebula Blue.mat using Guid(bd5cb33bf3dc8409197dcdb1a9d4e794) Importer(815301076,1909f56bfc062723c751e8b465ee728b)  -> (artifact id: '690fecdcdd888e83b3bda66224cdec60') in 0.091490 seconds 
  Import took 0.124953 seconds .

========================================================================
Received Import Request.
  Time since last request: 0.000494 seconds.
  path: Assets/Textures/Galaxia Sprite Pack #1/Enemy/idle_orb_red.png
  artifactKey: Guid(4c8a2444f139c1447b5bd181110e264b) Importer(815301076,1909f56bfc062723c751e8b465ee728b)
Start importing Assets/Textures/Galaxia Sprite Pack #1/Enemy/idle_orb_red.png using Guid(4c8a2444f139c1447b5bd181110e264b) Importer(815301076,1909f56bfc062723c751e8b465ee728b)  -> (artifact id: '89319e34bd2dc9523b35b187ab288a81') in 0.021311 seconds 
  Import took 0.035169 seconds .

========================================================================
Received Import Request.
  Time since last request: 0.002345 seconds.
  path: Assets/Textures/Galaxia Sprite Pack #1/Effects/LaserSpriteSheetGreen.png
  artifactKey: Guid(3adc669597747574c931c03238b55b64) Importer(815301076,1909f56bfc062723c751e8b465ee728b)
Start importing Assets/Textures/Galaxia Sprite Pack #1/Effects/LaserSpriteSheetGreen.png using Guid(3adc669597747574c931c03238b55b64) Importer(815301076,1909f56bfc062723c751e8b465ee728b)  -> (artifact id: '189f4351eeb34689690f0ba9547c8e46') in 0.040867 seconds 
  Import took 0.056942 seconds .

========================================================================
Received Import Request.
  Time since last request: 0.000632 seconds.
  path: Assets/Textures/Galaxia Sprite Pack #1/Enemy/idle_drone_green.png
  artifactKey: Guid(441204ce661f32640838942da466ce4d) Importer(815301076,1909f56bfc062723c751e8b465ee728b)
Start importing Assets/Textures/Galaxia Sprite Pack #1/Enemy/idle_drone_green.png using Guid(441204ce661f32640838942da466ce4d) Importer(815301076,1909f56bfc062723c751e8b465ee728b)  -> (artifact id: '37aca219958970e7d5c5f449cce7c281') in 0.054049 seconds 
  Import took 0.063009 seconds .

========================================================================
Received Import Request.
  Time since last request: 0.000870 seconds.
  path: Assets/Textures/Galaxia Sprite Pack #1/Enemy/idle_orb_green.png
  artifactKey: Guid(a8b9579cc05ec924b8db3e8422459a0b) Importer(815301076,1909f56bfc062723c751e8b465ee728b)
Start importing Assets/Textures/Galaxia Sprite Pack #1/Enemy/idle_orb_green.png using Guid(a8b9579cc05ec924b8db3e8422459a0b) Importer(815301076,1909f56bfc062723c751e8b465ee728b)  -> (artifact id: 'b25579dc3ad2344dcc1d10f066aaec0d') in 0.056828 seconds 
  Import took 0.063846 seconds .

========================================================================
Received Import Request.
  Time since last request: 0.001180 seconds.
  path: Assets/Textures/Galaxia Sprite Pack #1/Enemy/idle_drone_orange.png
  artifactKey: Guid(e0eb2fcf83877bc4397b3002bf39153c) Importer(815301076,1909f56bfc062723c751e8b465ee728b)
Start importing Assets/Textures/Galaxia Sprite Pack #1/Enemy/idle_drone_orange.png using Guid(e0eb2fcf83877bc4397b3002bf39153c) Importer(815301076,1909f56bfc062723c751e8b465ee728b)  -> (artifact id: '9767896e84488bc1aa70fe450d273f1e') in 0.088991 seconds 
  Import took 0.097961 seconds .

========================================================================
Received Import Request.
  Time since last request: 0.000895 seconds.
  path: Assets/Textures/DinV/Dynamic Space Background/Sprites/Nebula Aqua-Pink.png
  artifactKey: Guid(d9b31ebd60af68c469212c1a9f513e74) Importer(815301076,1909f56bfc062723c751e8b465ee728b)
Start importing Assets/Textures/DinV/Dynamic Space Background/Sprites/Nebula Aqua-Pink.png using Guid(d9b31ebd60af68c469212c1a9f513e74) Importer(815301076,1909f56bfc062723c751e8b465ee728b)  -> (artifact id: 'adc947da8aa6373080060d16d67b184a') in 0.087265 seconds 
  Import took 0.095703 seconds .

========================================================================
Received Import Request.
  Time since last request: 0.000870 seconds.
  path: Assets/Textures/Galaxia Sprite Pack #1/Enemy/idle_heavy_green.png
  artifactKey: Guid(767780ce78b8bdf4ebcb0231280c9655) Importer(815301076,1909f56bfc062723c751e8b465ee728b)
Start importing Assets/Textures/Galaxia Sprite Pack #1/Enemy/idle_heavy_green.png using Guid(767780ce78b8bdf4ebcb0231280c9655) Importer(815301076,1909f56bfc062723c751e8b465ee728b)  -> (artifact id: '4d57ac5b928d9ce3bc635a629cb55721') in 0.032173 seconds 
  Import took 0.055560 seconds .

========================================================================
Received Import Request.
  Time since last request: 0.000814 seconds.
  path: Assets/Textures/Galaxia Sprite Pack #1/Player/idle_player_upgrade2.png
  artifactKey: Guid(f116b41b25d35934fbe991d13657e019) Importer(815301076,1909f56bfc062723c751e8b465ee728b)
Start importing Assets/Textures/Galaxia Sprite Pack #1/Player/idle_player_upgrade2.png using Guid(f116b41b25d35934fbe991d13657e019) Importer(815301076,1909f56bfc062723c751e8b465ee728b)  -> (artifact id: '11721a644c88dc2b47e0724681c6cfa7') in 0.020476 seconds 
  Import took 0.031523 seconds .

========================================================================
Received Import Request.
  Time since last request: 0.000603 seconds.
  path: Assets/Textures/Galaxia Sprite Pack #1/Effects/BulletBombSpriteSheetPurple.png
  artifactKey: Guid(593c7c564adcda74fbc675230116db6f) Importer(815301076,1909f56bfc062723c751e8b465ee728b)
Start importing Assets/Textures/Galaxia Sprite Pack #1/Effects/BulletBombSpriteSheetPurple.png using Guid(593c7c564adcda74fbc675230116db6f) Importer(815301076,1909f56bfc062723c751e8b465ee728b)  -> (artifact id: '588e84eb0aa7cc6bec41f0866849cc94') in 0.065594 seconds 
  Import took 0.072241 seconds .

========================================================================
Received Import Request.
  Time since last request: 0.000399 seconds.
  path: Assets/Textures/Galaxia Sprite Pack #1/Enemy/idle_scout_yellow.png
  artifactKey: Guid(5500a4eb7184fed4eb5b5e505ffecd91) Importer(815301076,1909f56bfc062723c751e8b465ee728b)
Start importing Assets/Textures/Galaxia Sprite Pack #1/Enemy/idle_scout_yellow.png using Guid(5500a4eb7184fed4eb5b5e505ffecd91) Importer(815301076,1909f56bfc062723c751e8b465ee728b)  -> (artifact id: '730280a1ed6c0a36b9edb4720a7c2633') in 0.048978 seconds 
  Import took 0.057310 seconds .

========================================================================
Received Import Request.
  Time since last request: 21.260271 seconds.
  path: Assets/Scripts/AutoScroller.cs
  artifactKey: Guid(b428eb24afa7341f2bcd70c5a2f641af) Importer(815301076,1909f56bfc062723c751e8b465ee728b)
Start importing Assets/Scripts/AutoScroller.cs using Guid(b428eb24afa7341f2bcd70c5a2f641af) Importer(815301076,1909f56bfc062723c751e8b465ee728b)  -> (artifact id: 'a7c8edc393b18d41768f5a38475573c2') in 0.383848 seconds 
  Import took 0.398090 seconds .

========================================================================
Received Prepare
Refreshing native plugins compatible for Editor in 19.36 ms, found 3 plugins.
Preloading 0 native plugins for Editor in 0.00 ms.
Unloading 17 Unused Serialized files (Serialized files now loaded: 0)
System memory in use before: 167.5 MB.
System memory in use after: 167.7 MB.

Unloading 16 unused Assets to reduce memory usage. Loaded Objects now: 2763.
Total: 7.507181 ms (FindLiveObjects: 0.382668 ms CreateObjectMapping: 0.146256 ms MarkObjects: 6.943242 ms  DeleteObjects: 0.032985 ms)

AssetImportParameters requested are different than current active one (requested -> active):
  custom:video-decoder-ogg-theora: a1e56fd34408186e4bbccfd4996cb3dc -> 
  custom:container-muxer-webm: aa71ff27fc2769a1b78a27578f13a17b -> 
  custom:container-demuxer-webm: 4f35f7cbe854078d1ac9338744f61a02 -> 
  custom:container-demuxer-ogg: 62fdf1f143b41e24485cea50d1cbac27 -> 
  custom:video-encoder-webm-vp8: eb34c28f22e8b96e1ab97ce403110664 -> 
  custom:framework-osx-AVFoundation: e770b220cccbd017edd2c1fefb359320 -> 
  custom:video-decoder-webm-vp8: 9c59270c3fd7afecdb556c50c9e8de78 -> 
  custom:audio-decoder-ogg-vorbis: bf7c407c2cedff20999df2af8eb42d56 -> 
  custom:audio-encoder-webm-vorbis: bf7c407c2cedff20999df2af8eb42d56 -> 
